[2025-03-25T20:07:17.945Z] ERROR: Seller has opted into business policies. Please use policy IDs rather than legacy fields for Shipping, Payments or Returns or new policies may be automatically created seller's behalf., Funds from your sales may be unavailable and show as on hold for a period of time. Learn more:https://www.ebay.com/help/selling/getting-paid/getting-paid-items-youve-sold/pending-payments?id=4816, The category is not valid, select another category.
Title: Engine Control Module ECM for Ford F-150 2015-2020
Category: 33615
Price: 299.99
Image: https://i.imgur.com/UwJyUkI.jpg
-------------------------------------------

[2025-03-25T20:07:17.947Z] ERROR: Seller has opted into business policies. Please use policy IDs rather than legacy fields for Shipping, Payments or Returns or new policies may be automatically created seller's behalf., Funds from your sales may be unavailable and show as on hold for a period of time. Learn more:https://www.ebay.com/help/selling/getting-paid/getting-paid-items-youve-sold/pending-payments?id=4816, The category is not valid, select another category.
Title: Engine Control Module ECM for Ford F-150 2015-2020
Category: 33615
Price: 299.99
Image: https://i.imgur.com/UwJyUkI.jpg
-------------------------------------------

[2025-03-25T20:07:19.596Z] ERROR: Seller has opted into business policies. Please use policy IDs rather than legacy fields for Shipping, Payments or Returns or new policies may be automatically created seller's behalf., Funds from your sales may be unavailable and show as on hold for a period of time. Learn more:https://www.ebay.com/help/selling/getting-paid/getting-paid-items-youve-sold/pending-payments?id=4816, The category is not valid, select another category.
Title: ABS Control Module for Toyota Camry 2018-2022
Category: 33615
Price: 249.99
Image: https://i.imgur.com/UwJyUkI.jpg
-------------------------------------------

[2025-03-25T20:07:19.597Z] ERROR: Seller has opted into business policies. Please use policy IDs rather than legacy fields for Shipping, Payments or Returns or new policies may be automatically created seller's behalf., Funds from your sales may be unavailable and show as on hold for a period of time. Learn more:https://www.ebay.com/help/selling/getting-paid/getting-paid-items-youve-sold/pending-payments?id=4816, The category is not valid, select another category.
Title: ABS Control Module for Toyota Camry 2018-2022
Category: 33615
Price: 249.99
Image: https://i.imgur.com/UwJyUkI.jpg
-------------------------------------------

[2025-03-25T20:07:21.547Z] ERROR: Seller has opted into business policies. Please use policy IDs rather than legacy fields for Shipping, Payments or Returns or new policies may be automatically created seller's behalf., Funds from your sales may be unavailable and show as on hold for a period of time. Learn more:https://www.ebay.com/help/selling/getting-paid/getting-paid-items-youve-sold/pending-payments?id=4816, The category is not valid, select another category.
Title: Transmission Control Module for Honda Accord 2016-2021
Category: 33615
Price: 279.99
Image: https://i.imgur.com/UwJyUkI.jpg
-------------------------------------------

[2025-03-25T20:07:21.548Z] ERROR: Seller has opted into business policies. Please use policy IDs rather than legacy fields for Shipping, Payments or Returns or new policies may be automatically created seller's behalf., Funds from your sales may be unavailable and show as on hold for a period of time. Learn more:https://www.ebay.com/help/selling/getting-paid/getting-paid-items-youve-sold/pending-payments?id=4816, The category is not valid, select another category.
Title: Transmission Control Module for Honda Accord 2016-2021
Category: 33615
Price: 279.99
Image: https://i.imgur.com/UwJyUkI.jpg
-------------------------------------------

[2025-03-25T20:07:23.565Z] ERROR: Seller has opted into business policies. Please use policy IDs rather than legacy fields for Shipping, Payments or Returns or new policies may be automatically created seller's behalf., Funds from your sales may be unavailable and show as on hold for a period of time. Learn more:https://www.ebay.com/help/selling/getting-paid/getting-paid-items-youve-sold/pending-payments?id=4816, The category is not valid, select another category.
Title: Power Steering Control Module for Chevrolet Silverado 2014-2019
Category: 33615
Price: 219.99
Image: https://i.imgur.com/UwJyUkI.jpg
-------------------------------------------

[2025-03-25T20:07:23.566Z] ERROR: Seller has opted into business policies. Please use policy IDs rather than legacy fields for Shipping, Payments or Returns or new policies may be automatically created seller's behalf., Funds from your sales may be unavailable and show as on hold for a period of time. Learn more:https://www.ebay.com/help/selling/getting-paid/getting-paid-items-youve-sold/pending-payments?id=4816, The category is not valid, select another category.
Title: Power Steering Control Module for Chevrolet Silverado 2014-2019
Category: 33615
Price: 219.99
Image: https://i.imgur.com/UwJyUkI.jpg
-------------------------------------------

[2025-03-25T20:07:25.746Z] ERROR: Seller has opted into business policies. Please use policy IDs rather than legacy fields for Shipping, Payments or Returns or new policies may be automatically created seller's behalf., Funds from your sales may be unavailable and show as on hold for a period of time. Learn more:https://www.ebay.com/help/selling/getting-paid/getting-paid-items-youve-sold/pending-payments?id=4816, The category is not valid, select another category.
Title: Fuel Pump Control Module for BMW 3 Series 2012-2018
Category: 33615
Price: 259.99
Image: https://i.imgur.com/UwJyUkI.jpg
-------------------------------------------

[2025-03-25T20:07:25.748Z] ERROR: Seller has opted into business policies. Please use policy IDs rather than legacy fields for Shipping, Payments or Returns or new policies may be automatically created seller's behalf., Funds from your sales may be unavailable and show as on hold for a period of time. Learn more:https://www.ebay.com/help/selling/getting-paid/getting-paid-items-youve-sold/pending-payments?id=4816, The category is not valid, select another category.
Title: Fuel Pump Control Module for BMW 3 Series 2012-2018
Category: 33615
Price: 259.99
Image: https://i.imgur.com/UwJyUkI.jpg
-------------------------------------------

[2025-03-25T20:12:32.195Z] ERROR: Funds from your sales may be unavailable and show as on hold for a period of time. Learn more:https://www.ebay.com/help/selling/getting-paid/getting-paid-items-youve-sold/pending-payments?id=4816, The category selected is not a leaf category.
Title: Engine Control Module ECM for Ford F-150 2015-2020
Category: 33615
Price: 299.99
Image: https://i.imgur.com/UwJyUkI.jpg
-------------------------------------------

[2025-03-25T20:12:32.196Z] ERROR: Funds from your sales may be unavailable and show as on hold for a period of time. Learn more:https://www.ebay.com/help/selling/getting-paid/getting-paid-items-youve-sold/pending-payments?id=4816, The category selected is not a leaf category.
Title: Engine Control Module ECM for Ford F-150 2015-2020
Category: 33615
Price: 299.99
Image: https://i.imgur.com/UwJyUkI.jpg
-------------------------------------------

[2025-03-25T20:12:34.130Z] ERROR: Funds from your sales may be unavailable and show as on hold for a period of time. Learn more:https://www.ebay.com/help/selling/getting-paid/getting-paid-items-youve-sold/pending-payments?id=4816, The category selected is not a leaf category.
Title: ABS Control Module for Toyota Camry 2018-2022
Category: 33615
Price: 249.99
Image: https://i.imgur.com/UwJyUkI.jpg
-------------------------------------------

[2025-03-25T20:12:34.131Z] ERROR: Funds from your sales may be unavailable and show as on hold for a period of time. Learn more:https://www.ebay.com/help/selling/getting-paid/getting-paid-items-youve-sold/pending-payments?id=4816, The category selected is not a leaf category.
Title: ABS Control Module for Toyota Camry 2018-2022
Category: 33615
Price: 249.99
Image: https://i.imgur.com/UwJyUkI.jpg
-------------------------------------------

[2025-03-25T20:12:35.759Z] ERROR: Funds from your sales may be unavailable and show as on hold for a period of time. Learn more:https://www.ebay.com/help/selling/getting-paid/getting-paid-items-youve-sold/pending-payments?id=4816, The category selected is not a leaf category.
Title: Transmission Control Module for Honda Accord 2016-2021
Category: 33615
Price: 279.99
Image: https://i.imgur.com/UwJyUkI.jpg
-------------------------------------------

[2025-03-25T20:12:35.760Z] ERROR: Funds from your sales may be unavailable and show as on hold for a period of time. Learn more:https://www.ebay.com/help/selling/getting-paid/getting-paid-items-youve-sold/pending-payments?id=4816, The category selected is not a leaf category.
Title: Transmission Control Module for Honda Accord 2016-2021
Category: 33615
Price: 279.99
Image: https://i.imgur.com/UwJyUkI.jpg
-------------------------------------------

[2025-03-25T20:12:37.439Z] ERROR: Funds from your sales may be unavailable and show as on hold for a period of time. Learn more:https://www.ebay.com/help/selling/getting-paid/getting-paid-items-youve-sold/pending-payments?id=4816, The category selected is not a leaf category.
Title: Power Steering Control Module for Chevrolet Silverado 2014-2019
Category: 33615
Price: 219.99
Image: https://i.imgur.com/UwJyUkI.jpg
-------------------------------------------

[2025-03-25T20:12:37.440Z] ERROR: Funds from your sales may be unavailable and show as on hold for a period of time. Learn more:https://www.ebay.com/help/selling/getting-paid/getting-paid-items-youve-sold/pending-payments?id=4816, The category selected is not a leaf category.
Title: Power Steering Control Module for Chevrolet Silverado 2014-2019
Category: 33615
Price: 219.99
Image: https://i.imgur.com/UwJyUkI.jpg
-------------------------------------------

[2025-03-25T20:12:39.161Z] ERROR: Funds from your sales may be unavailable and show as on hold for a period of time. Learn more:https://www.ebay.com/help/selling/getting-paid/getting-paid-items-youve-sold/pending-payments?id=4816, The category selected is not a leaf category.
Title: Fuel Pump Control Module for BMW 3 Series 2012-2018
Category: 33615
Price: 259.99
Image: https://i.imgur.com/UwJyUkI.jpg
-------------------------------------------

[2025-03-25T20:12:39.162Z] ERROR: Funds from your sales may be unavailable and show as on hold for a period of time. Learn more:https://www.ebay.com/help/selling/getting-paid/getting-paid-items-youve-sold/pending-payments?id=4816, The category selected is not a leaf category.
Title: Fuel Pump Control Module for BMW 3 Series 2012-2018
Category: 33615
Price: 259.99
Image: https://i.imgur.com/UwJyUkI.jpg
-------------------------------------------

[2025-03-25T20:16:45.273Z] ERROR: Funds from your sales may be unavailable and show as on hold for a period of time. Learn more:https://www.ebay.com/help/selling/getting-paid/getting-paid-items-youve-sold/pending-payments?id=4816, Item condition is required for this category. Please provide a supported condition value., The item specific Storage Capacity is missing. Add Storage Capacity to this listing, enter a valid value, and then try again., The item specific Color is missing. Add Color to this listing, enter a valid value, and then try again.
Title: Engine Control Module ECM for Ford F-150 2015-2020
Category: 9355
Price: 299.99
Image: https://i.imgur.com/UwJyUkI.jpg
-------------------------------------------

[2025-03-25T20:16:45.275Z] ERROR: Funds from your sales may be unavailable and show as on hold for a period of time. Learn more:https://www.ebay.com/help/selling/getting-paid/getting-paid-items-youve-sold/pending-payments?id=4816, Item condition is required for this category. Please provide a supported condition value., The item specific Storage Capacity is missing. Add Storage Capacity to this listing, enter a valid value, and then try again., The item specific Color is missing. Add Color to this listing, enter a valid value, and then try again.
Title: Engine Control Module ECM for Ford F-150 2015-2020
Category: 9355
Price: 299.99
Image: https://i.imgur.com/UwJyUkI.jpg
-------------------------------------------

[2025-03-25T20:16:48.196Z] ERROR: Funds from your sales may be unavailable and show as on hold for a period of time. Learn more:https://www.ebay.com/help/selling/getting-paid/getting-paid-items-youve-sold/pending-payments?id=4816, Item condition is required for this category. Please provide a supported condition value., The item specific Storage Capacity is missing. Add Storage Capacity to this listing, enter a valid value, and then try again., The item specific Color is missing. Add Color to this listing, enter a valid value, and then try again.
Title: ABS Control Module for Toyota Camry 2018-2022
Category: 9355
Price: 249.99
Image: https://i.imgur.com/UwJyUkI.jpg
-------------------------------------------

[2025-03-25T20:16:48.197Z] ERROR: Funds from your sales may be unavailable and show as on hold for a period of time. Learn more:https://www.ebay.com/help/selling/getting-paid/getting-paid-items-youve-sold/pending-payments?id=4816, Item condition is required for this category. Please provide a supported condition value., The item specific Storage Capacity is missing. Add Storage Capacity to this listing, enter a valid value, and then try again., The item specific Color is missing. Add Color to this listing, enter a valid value, and then try again.
Title: ABS Control Module for Toyota Camry 2018-2022
Category: 9355
Price: 249.99
Image: https://i.imgur.com/UwJyUkI.jpg
-------------------------------------------

[2025-03-25T20:16:50.998Z] ERROR: Funds from your sales may be unavailable and show as on hold for a period of time. Learn more:https://www.ebay.com/help/selling/getting-paid/getting-paid-items-youve-sold/pending-payments?id=4816, Item condition is required for this category. Please provide a supported condition value., The item specific Storage Capacity is missing. Add Storage Capacity to this listing, enter a valid value, and then try again., The item specific Color is missing. Add Color to this listing, enter a valid value, and then try again.
Title: Transmission Control Module for Honda Accord 2016-2021
Category: 9355
Price: 279.99
Image: https://i.imgur.com/UwJyUkI.jpg
-------------------------------------------

[2025-03-25T20:16:50.999Z] ERROR: Funds from your sales may be unavailable and show as on hold for a period of time. Learn more:https://www.ebay.com/help/selling/getting-paid/getting-paid-items-youve-sold/pending-payments?id=4816, Item condition is required for this category. Please provide a supported condition value., The item specific Storage Capacity is missing. Add Storage Capacity to this listing, enter a valid value, and then try again., The item specific Color is missing. Add Color to this listing, enter a valid value, and then try again.
Title: Transmission Control Module for Honda Accord 2016-2021
Category: 9355
Price: 279.99
Image: https://i.imgur.com/UwJyUkI.jpg
-------------------------------------------

[2025-03-25T20:16:53.305Z] ERROR: Funds from your sales may be unavailable and show as on hold for a period of time. Learn more:https://www.ebay.com/help/selling/getting-paid/getting-paid-items-youve-sold/pending-payments?id=4816, Item condition is required for this category. Please provide a supported condition value., The item specific Storage Capacity is missing. Add Storage Capacity to this listing, enter a valid value, and then try again., The item specific Color is missing. Add Color to this listing, enter a valid value, and then try again.
Title: Power Steering Control Module for Chevrolet Silverado 2014-2019
Category: 9355
Price: 219.99
Image: https://i.imgur.com/UwJyUkI.jpg
-------------------------------------------

[2025-03-25T20:16:53.308Z] ERROR: Funds from your sales may be unavailable and show as on hold for a period of time. Learn more:https://www.ebay.com/help/selling/getting-paid/getting-paid-items-youve-sold/pending-payments?id=4816, Item condition is required for this category. Please provide a supported condition value., The item specific Storage Capacity is missing. Add Storage Capacity to this listing, enter a valid value, and then try again., The item specific Color is missing. Add Color to this listing, enter a valid value, and then try again.
Title: Power Steering Control Module for Chevrolet Silverado 2014-2019
Category: 9355
Price: 219.99
Image: https://i.imgur.com/UwJyUkI.jpg
-------------------------------------------

[2025-03-25T20:16:56.529Z] ERROR: Funds from your sales may be unavailable and show as on hold for a period of time. Learn more:https://www.ebay.com/help/selling/getting-paid/getting-paid-items-youve-sold/pending-payments?id=4816, Item condition is required for this category. Please provide a supported condition value., The item specific Storage Capacity is missing. Add Storage Capacity to this listing, enter a valid value, and then try again., The item specific Color is missing. Add Color to this listing, enter a valid value, and then try again.
Title: Fuel Pump Control Module for BMW 3 Series 2012-2018
Category: 9355
Price: 259.99
Image: https://i.imgur.com/UwJyUkI.jpg
-------------------------------------------

[2025-03-25T20:16:56.530Z] ERROR: Funds from your sales may be unavailable and show as on hold for a period of time. Learn more:https://www.ebay.com/help/selling/getting-paid/getting-paid-items-youve-sold/pending-payments?id=4816, Item condition is required for this category. Please provide a supported condition value., The item specific Storage Capacity is missing. Add Storage Capacity to this listing, enter a valid value, and then try again., The item specific Color is missing. Add Color to this listing, enter a valid value, and then try again.
Title: Fuel Pump Control Module for BMW 3 Series 2012-2018
Category: 9355
Price: 259.99
Image: https://i.imgur.com/UwJyUkI.jpg
-------------------------------------------

